Loading db file '/opt/pdk/gfip/22FDX-EXT/GF22FDX_SC8T_104CPP_BASE_CSC28L_FDK_RELV06R60/model/timing/ccs_db/GF22FDX_SC8T_104CPP_BASE_CSC28L_TT_0P80V_0P00V_0P45V_M0P45V_25C_ccs.db'
Information: Propagating switching activity (low effort zero delay simulation). (PWR-6)
Warning: Design has unannotated primary inputs. (PWR-414)
Warning: Design has unannotated sequential cell outputs. (PWR-415)
 
****************************************
Report : power
        -analysis_effort low
Design : drra_wrapper
Version: V-2023.12-SP4
Date   : Tue Jan 13 20:00:40 2026
****************************************


Library(s) Used:

    GF22FDX_SC8T_104CPP_BASE_CSC28L_TT_0P80V_0P00V_0P45V_M0P45V_25C (File: /opt/pdk/gfip/22FDX-EXT/GF22FDX_SC8T_104CPP_BASE_CSC28L_FDK_RELV06R60/model/timing/ccs_db/GF22FDX_SC8T_104CPP_BASE_CSC28L_TT_0P80V_0P00V_0P45V_M0P45V_25C_ccs.db)


Operating Conditions: TT_0P80V_0P00V_0P45V_M0P45V_25C   Library: GF22FDX_SC8T_104CPP_BASE_CSC28L_TT_0P80V_0P00V_0P45V_M0P45V_25C
Wire Load Model Mode: top


Global Operating Voltage = 0.8  
Power-specific unit information :
    Voltage Units = 1V
    Capacitance Units = 1.000000ff
    Time Units = 1ps
    Dynamic Power Units = 1mW    (derived from V,C,T units)
    Leakage Power Units = 1uW


Attributes
----------
i - Including register clock pin internal power


  Cell Internal Power  =  39.9614 mW   (98%)
  Net Switching Power  = 897.3082 uW    (2%)
                         ---------
Total Dynamic Power    =  40.8587 mW  (100%)

Cell Leakage Power     = 397.8519 uW


                 Internal         Switching           Leakage            Total
Power Group      Power            Power               Power              Power   (   %    )  Attrs
--------------------------------------------------------------------------------------------------
io_pad             0.0000            0.0000            0.0000            0.0000  (   0.00%)
memory             0.0000            0.0000            0.0000            0.0000  (   0.00%)
black_box          0.0000            0.0000            0.0000            0.0000  (   0.00%)
clock_network     39.1616            0.0000            0.0000           39.1616  (  95.00%)  i
register           0.2546        1.4764e-02          106.8219            0.3804  (   0.92%)
sequential         0.0000            0.0000            0.0000            0.0000  (   0.00%)
combinational      0.5213            0.8675          291.0251            1.6804  (   4.08%)
--------------------------------------------------------------------------------------------------
Total             39.9376 mW         0.8823 mW       397.8470 uW        41.2225 mW
1
