 
****************************************
Report : area
Design : drra_wrapper
Version: V-2023.12-SP4
Date   : Tue Jan 13 19:58:09 2026
****************************************

Library(s) Used:

    GF22FDX_SC8T_104CPP_BASE_CSC28L_TT_0P80V_0P00V_0P45V_M0P45V_25C (File: /opt/pdk/gfip/22FDX-EXT/GF22FDX_SC8T_104CPP_BASE_CSC28L_FDK_RELV06R60/model/timing/ccs_db/GF22FDX_SC8T_104CPP_BASE_CSC28L_TT_0P80V_0P00V_0P45V_M0P45V_25C_ccs.db)

Number of ports:                       359901
Number of nets:                       1161733
Number of cells:                       810133
Number of combinational cells:         727910
Number of sequential cells:             78175
Number of macros/black boxes:               0
Number of buf/inv:                     204110
Number of references:                      17

Combinational area:             257648.633507
Buf/Inv area:                    31079.193683
Noncombinational area:          131716.716352
Macro/Black Box area:                0.000000
Net Interconnect area:      undefined  (No wire load specified)

Total cell area:                389365.349859
Total area:                 undefined
1
